<?xml version="1.0" encoding="UTF-8"?>
<!-- Generated by org.testng.reporters.JUnitReportReporter -->
<testsuite hostname="DESKTOP-UFMB1VQ" failures="0" tests="1" name="com.pwc.productcentral.SanityTestCases" time="4.715" errors="0" timestamp="14 Dec 2022 15:44:28 GMT">
  <testcase classname="com.pwc.productcentral.SanityTestCases" name="WEB_47" time="4.715"/>
</testsuite> <!-- com.pwc.productcentral.SanityTestCases -->
