<?xml version="1.0" encoding="UTF-8"?>
<!-- Generated by org.testng.reporters.JUnitReportReporter -->
<testsuite hostname="DESKTOP-UFMB1VQ" failures="0" tests="8" name="com.pwc.productcentral.SanityTestCases" time="22.757" errors="0" timestamp="18 Nov 2022 16:01:51 GMT">
  <testcase classname="com.pwc.productcentral.SanityTestCases" name="WEB_20" time="5.158"/>
  <testcase classname="com.pwc.productcentral.SanityTestCases" name="WEB_21_2" time="0.742"/>
  <testcase classname="com.pwc.productcentral.SanityTestCases" name="WEB_20_3" time="4.204"/>
  <testcase classname="com.pwc.productcentral.SanityTestCases" name="WEB_21_1" time="0.819"/>
  <testcase classname="com.pwc.productcentral.SanityTestCases" name="WEB_20_2" time="5.505"/>
  <testcase classname="com.pwc.productcentral.SanityTestCases" name="WEB_20_1" time="4.346"/>
  <testcase classname="com.pwc.productcentral.SanityTestCases" name="WEB_21_3" time="1.144"/>
  <testcase classname="com.pwc.productcentral.SanityTestCases" name="WEB_21" time="0.839"/>
</testsuite> <!-- com.pwc.productcentral.SanityTestCases -->
