<?xml version="1.0" encoding="UTF-8"?>
<!-- Generated by org.testng.reporters.JUnitReportReporter -->
<testsuite hostname="DESKTOP-UFMB1VQ" failures="0" tests="59" name="com.pwc.productcentral.SanityTestCases" time="20.072" errors="0" timestamp="2022-12-20T11:32:29 EST" skipped="58">
  <testcase classname="com.pwc.productcentral.SanityTestCases" name="WEB_48" time="20.072"/>
  <system-out/>
  <testcase classname="com.pwc.productcentral.SanityTestCases" name="WEB_3">
    <skipped/>
  </testcase> <!-- WEB_3 -->
  <system-out/>
  <testcase classname="com.pwc.productcentral.SanityTestCases" name="WEB_6">
    <skipped/>
  </testcase> <!-- WEB_6 -->
  <system-out/>
  <testcase classname="com.pwc.productcentral.SanityTestCases" name="WEB_9">
    <skipped/>
  </testcase> <!-- WEB_9 -->
  <system-out/>
  <testcase classname="com.pwc.productcentral.SanityTestCases" name="WEB_4">
    <skipped/>
  </testcase> <!-- WEB_4 -->
  <system-out/>
  <testcase classname="com.pwc.productcentral.SanityTestCases" name="WEB_7">
    <skipped/>
  </testcase> <!-- WEB_7 -->
  <system-out/>
  <testcase classname="com.pwc.productcentral.SanityTestCases" name="WEB_14_2">
    <skipped/>
  </testcase> <!-- WEB_14_2 -->
  <system-out/>
  <testcase classname="com.pwc.productcentral.SanityTestCases" name="WEB_40">
    <skipped/>
  </testcase> <!-- WEB_40 -->
  <system-out/>
  <testcase classname="com.pwc.productcentral.SanityTestCases" name="WEB_8">
    <skipped/>
  </testcase> <!-- WEB_8 -->
  <system-out/>
  <testcase classname="com.pwc.productcentral.SanityTestCases" name="WEB_14_1">
    <skipped/>
  </testcase> <!-- WEB_14_1 -->
  <system-out/>
  <testcase classname="com.pwc.productcentral.SanityTestCases" name="WEB_42">
    <skipped/>
  </testcase> <!-- WEB_42 -->
  <system-out/>
  <testcase classname="com.pwc.productcentral.SanityTestCases" name="WEB_47">
    <skipped/>
  </testcase> <!-- WEB_47 -->
  <system-out/>
  <testcase classname="com.pwc.productcentral.SanityTestCases" name="WEB_14_3">
    <skipped/>
  </testcase> <!-- WEB_14_3 -->
  <system-out/>
  <testcase classname="com.pwc.productcentral.SanityTestCases" name="WEB_44">
    <skipped/>
  </testcase> <!-- WEB_44 -->
  <system-out/>
  <testcase classname="com.pwc.productcentral.SanityTestCases" name="WEB_1">
    <skipped/>
  </testcase> <!-- WEB_1 -->
  <system-out/>
  <testcase classname="com.pwc.productcentral.SanityTestCases" name="WEB_41">
    <skipped/>
  </testcase> <!-- WEB_41 -->
  <system-out/>
  <testcase classname="com.pwc.productcentral.SanityTestCases" name="WEB_46">
    <skipped/>
  </testcase> <!-- WEB_46 -->
  <system-out/>
  <testcase classname="com.pwc.productcentral.SanityTestCases" name="WEB_2">
    <skipped/>
  </testcase> <!-- WEB_2 -->
  <system-out/>
  <testcase classname="com.pwc.productcentral.SanityTestCases" name="WEB_45">
    <skipped/>
  </testcase> <!-- WEB_45 -->
  <system-out/>
  <testcase classname="com.pwc.productcentral.SanityTestCases" name="WEB_49">
    <skipped/>
  </testcase> <!-- WEB_49 -->
  <system-out/>
  <testcase classname="com.pwc.productcentral.SanityTestCases" name="WEB_43">
    <skipped/>
  </testcase> <!-- WEB_43 -->
  <system-out/>
  <testcase classname="com.pwc.productcentral.SanityTestCases" name="WEB_5_2">
    <skipped/>
  </testcase> <!-- WEB_5_2 -->
  <system-out/>
  <testcase classname="com.pwc.productcentral.SanityTestCases" name="WEB_5">
    <skipped/>
  </testcase> <!-- WEB_5 -->
  <system-out/>
  <testcase classname="com.pwc.productcentral.SanityTestCases" name="WEB_50">
    <skipped/>
  </testcase> <!-- WEB_50 -->
  <system-out/>
  <testcase classname="com.pwc.productcentral.SanityTestCases" name="WEB_51">
    <skipped/>
  </testcase> <!-- WEB_51 -->
  <system-out/>
  <testcase classname="com.pwc.productcentral.SanityTestCases" name="WEB_14">
    <skipped/>
  </testcase> <!-- WEB_14 -->
  <system-out/>
  <testcase classname="com.pwc.productcentral.SanityTestCases" name="WEB_11">
    <skipped/>
  </testcase> <!-- WEB_11 -->
  <system-out/>
  <testcase classname="com.pwc.productcentral.SanityTestCases" name="WEB_13">
    <skipped/>
  </testcase> <!-- WEB_13 -->
  <system-out/>
  <testcase classname="com.pwc.productcentral.SanityTestCases" name="WEB_15">
    <skipped/>
  </testcase> <!-- WEB_15 -->
  <system-out/>
  <testcase classname="com.pwc.productcentral.SanityTestCases" name="WEB_12">
    <skipped/>
  </testcase> <!-- WEB_12 -->
  <system-out/>
  <testcase classname="com.pwc.productcentral.SanityTestCases" name="WEB_17">
    <skipped/>
  </testcase> <!-- WEB_17 -->
  <system-out/>
  <testcase classname="com.pwc.productcentral.SanityTestCases" name="WEB_19">
    <skipped/>
  </testcase> <!-- WEB_19 -->
  <system-out/>
  <testcase classname="com.pwc.productcentral.SanityTestCases" name="WEB_16">
    <skipped/>
  </testcase> <!-- WEB_16 -->
  <system-out/>
  <testcase classname="com.pwc.productcentral.SanityTestCases" name="WEB_10">
    <skipped/>
  </testcase> <!-- WEB_10 -->
  <system-out/>
  <testcase classname="com.pwc.productcentral.SanityTestCases" name="WEB_31_1">
    <skipped/>
  </testcase> <!-- WEB_31_1 -->
  <system-out/>
  <testcase classname="com.pwc.productcentral.SanityTestCases" name="WEB_18">
    <skipped/>
  </testcase> <!-- WEB_18 -->
  <system-out/>
  <testcase classname="com.pwc.productcentral.SanityTestCases" name="WEB_13_3">
    <skipped/>
  </testcase> <!-- WEB_13_3 -->
  <system-out/>
  <testcase classname="com.pwc.productcentral.SanityTestCases" name="WEB_13_2">
    <skipped/>
  </testcase> <!-- WEB_13_2 -->
  <system-out/>
  <testcase classname="com.pwc.productcentral.SanityTestCases" name="WEB_20">
    <skipped/>
  </testcase> <!-- WEB_20 -->
  <system-out/>
  <testcase classname="com.pwc.productcentral.SanityTestCases" name="WEB_25">
    <skipped/>
  </testcase> <!-- WEB_25 -->
  <system-out/>
  <testcase classname="com.pwc.productcentral.SanityTestCases" name="WEB_22">
    <skipped/>
  </testcase> <!-- WEB_22 -->
  <system-out/>
  <testcase classname="com.pwc.productcentral.SanityTestCases" name="WEB_24">
    <skipped/>
  </testcase> <!-- WEB_24 -->
  <system-out/>
  <testcase classname="com.pwc.productcentral.SanityTestCases" name="WEB_26">
    <skipped/>
  </testcase> <!-- WEB_26 -->
  <system-out/>
  <testcase classname="com.pwc.productcentral.SanityTestCases" name="WEB_23">
    <skipped/>
  </testcase> <!-- WEB_23 -->
  <system-out/>
  <testcase classname="com.pwc.productcentral.SanityTestCases" name="WEB_28">
    <skipped/>
  </testcase> <!-- WEB_28 -->
  <system-out/>
  <testcase classname="com.pwc.productcentral.SanityTestCases" name="WEB_27">
    <skipped/>
  </testcase> <!-- WEB_27 -->
  <system-out/>
  <testcase classname="com.pwc.productcentral.SanityTestCases" name="WEB_21">
    <skipped/>
  </testcase> <!-- WEB_21 -->
  <system-out/>
  <testcase classname="com.pwc.productcentral.SanityTestCases" name="WEB_29">
    <skipped/>
  </testcase> <!-- WEB_29 -->
  <system-out/>
  <testcase classname="com.pwc.productcentral.SanityTestCases" name="WEB_31">
    <skipped/>
  </testcase> <!-- WEB_31 -->
  <system-out/>
  <testcase classname="com.pwc.productcentral.SanityTestCases" name="WEB_36">
    <skipped/>
  </testcase> <!-- WEB_36 -->
  <system-out/>
  <testcase classname="com.pwc.productcentral.SanityTestCases" name="WEB_33">
    <skipped/>
  </testcase> <!-- WEB_33 -->
  <system-out/>
  <testcase classname="com.pwc.productcentral.SanityTestCases" name="WEB_30">
    <skipped/>
  </testcase> <!-- WEB_30 -->
  <system-out/>
  <testcase classname="com.pwc.productcentral.SanityTestCases" name="WEB_35">
    <skipped/>
  </testcase> <!-- WEB_35 -->
  <system-out/>
  <testcase classname="com.pwc.productcentral.SanityTestCases" name="WEB_37">
    <skipped/>
  </testcase> <!-- WEB_37 -->
  <system-out/>
  <testcase classname="com.pwc.productcentral.SanityTestCases" name="WEB_34">
    <skipped/>
  </testcase> <!-- WEB_34 -->
  <system-out/>
  <testcase classname="com.pwc.productcentral.SanityTestCases" name="WEB_39">
    <skipped/>
  </testcase> <!-- WEB_39 -->
  <system-out/>
  <testcase classname="com.pwc.productcentral.SanityTestCases" name="WEB_38">
    <skipped/>
  </testcase> <!-- WEB_38 -->
  <system-out/>
  <testcase classname="com.pwc.productcentral.SanityTestCases" name="WEB_32">
    <skipped/>
  </testcase> <!-- WEB_32 -->
  <system-out/>
  <testcase classname="com.pwc.productcentral.SanityTestCases" name="WEB_13_1">
    <skipped/>
  </testcase> <!-- WEB_13_1 -->
  <system-out/>
</testsuite> <!-- com.pwc.productcentral.SanityTestCases -->
